<?xml version="1.0" encoding="UTF-8"?>
<testng-results ignored="0" total="2" passed="1" failed="1" skipped="0">
  <reporter-output>
  </reporter-output>
  <suite started-at="2024-08-16T09:34:44 PDT" name="Default suite" finished-at="2024-08-16T09:34:52 PDT" duration-ms="8060">
    <groups>
    </groups>
    <test started-at="2024-08-16T09:34:44 PDT" name="Default test" finished-at="2024-08-16T09:34:52 PDT" duration-ms="8060">
      <class name="com.GoogleFinance.tests.GoogleFinanceTest">
        <test-method is-config="true" signature="setUp()[pri:0, instance:com.GoogleFinance.tests.GoogleFinanceTest@3738449f]" started-at="2024-08-16T09:34:44 PDT" name="setUp" finished-at="2024-08-16T09:34:52 PDT" duration-ms="7621" status="PASS">
          <reporter-output>
          </reporter-output>
        </test-method> <!-- setUp -->
        <test-method signature="validatePageTitle()[pri:0, instance:com.GoogleFinance.tests.GoogleFinanceTest@3738449f]" started-at="2024-08-16T09:34:52 PDT" name="validatePageTitle" finished-at="2024-08-16T09:34:52 PDT" duration-ms="19" status="PASS">
          <reporter-output>
          </reporter-output>
        </test-method> <!-- validatePageTitle -->
        <test-method signature="validateStockSymbols()[pri:0, instance:com.GoogleFinance.tests.GoogleFinanceTest@3738449f]" started-at="2024-08-16T09:34:52 PDT" name="validateStockSymbols" finished-at="2024-08-16T09:34:52 PDT" duration-ms="2" status="FAIL">
          <exception class="java.lang.AssertionError">
            <message>
              <![CDATA[There are symbols in actual but not expected and the symbols are: [AAPL, DIS] expected [true] but found [false]]]>
            </message>
            <full-stacktrace>
              <![CDATA[java.lang.AssertionError: There are symbols in actual but not expected and the symbols are: [AAPL, DIS] expected [true] but found [false]
at org.testng.Assert.fail(Assert.java:97)
at org.testng.Assert.failNotEquals(Assert.java:968)
at org.testng.Assert.assertTrue(Assert.java:43)
at com.GoogleFinance.tests.GoogleFinanceTest.validateStockSymbols(GoogleFinanceTest.java:79)
at java.base/jdk.internal.reflect.NativeMethodAccessorImpl.invoke0(Native Method)
at java.base/jdk.internal.reflect.NativeMethodAccessorImpl.invoke(NativeMethodAccessorImpl.java:62)
at java.base/jdk.internal.reflect.DelegatingMethodAccessorImpl.invoke(DelegatingMethodAccessorImpl.java:43)
at java.base/java.lang.reflect.Method.invoke(Method.java:566)
at org.testng.internal.MethodInvocationHelper.invokeMethod(MethodInvocationHelper.java:135)
at org.testng.internal.TestInvoker.invokeMethod(TestInvoker.java:598)
at org.testng.internal.TestInvoker.invokeTestMethod(TestInvoker.java:174)
at org.testng.internal.MethodRunner.runInSequence(MethodRunner.java:46)
at org.testng.internal.TestInvoker$MethodInvocationAgent.invoke(TestInvoker.java:821)
at org.testng.internal.TestInvoker.invokeTestMethods(TestInvoker.java:147)
at org.testng.internal.TestMethodWorker.invokeTestMethods(TestMethodWorker.java:146)
at org.testng.internal.TestMethodWorker.run(TestMethodWorker.java:128)
at java.base/java.util.ArrayList.forEach(ArrayList.java:1541)
at org.testng.TestRunner.privateRun(TestRunner.java:767)
at org.testng.TestRunner.run(TestRunner.java:588)
at org.testng.SuiteRunner.runTest(SuiteRunner.java:384)
at org.testng.SuiteRunner.runSequentially(SuiteRunner.java:378)
at org.testng.SuiteRunner.privateRun(SuiteRunner.java:337)
at org.testng.SuiteRunner.run(SuiteRunner.java:286)
at org.testng.SuiteRunnerWorker.runSuite(SuiteRunnerWorker.java:53)
at org.testng.SuiteRunnerWorker.run(SuiteRunnerWorker.java:96)
at org.testng.TestNG.runSuitesSequentially(TestNG.java:1214)
at org.testng.TestNG.runSuitesLocally(TestNG.java:1136)
at org.testng.TestNG.runSuites(TestNG.java:1066)
at org.testng.TestNG.run(TestNG.java:1034)
at org.testng.remote.AbstractRemoteTestNG.run(AbstractRemoteTestNG.java:115)
at org.testng.remote.RemoteTestNG.initAndRun(RemoteTestNG.java:251)
at org.testng.remote.RemoteTestNG.main(RemoteTestNG.java:77)
]]>
            </full-stacktrace>
          </exception> <!-- java.lang.AssertionError -->
          <reporter-output>
          </reporter-output>
        </test-method> <!-- validateStockSymbols -->
        <test-method is-config="true" signature="tearDown()[pri:0, instance:com.GoogleFinance.tests.GoogleFinanceTest@3738449f]" started-at="2024-08-16T09:34:52 PDT" name="tearDown" finished-at="2024-08-16T09:34:52 PDT" duration-ms="369" status="PASS">
          <reporter-output>
          </reporter-output>
        </test-method> <!-- tearDown -->
      </class> <!-- com.GoogleFinance.tests.GoogleFinanceTest -->
    </test> <!-- Default test -->
  </suite> <!-- Default suite -->
</testng-results>
